0 info it worked if it ends with ok
1 verbose cli [ '/home/ec2-user/.nvm/versions/node/v10.16.3/bin/node',
1 verbose cli   '/home/ec2-user/.nvm/versions/node/v10.16.3/bin/npm',
1 verbose cli   'start' ]
2 info using npm@6.9.0
3 info using node@v10.16.3
4 verbose run-script [ 'prestart', 'start', 'poststart' ]
5 info lifecycle eth_wallet@1.0.0~prestart: eth_wallet@1.0.0
6 info lifecycle eth_wallet@1.0.0~start: eth_wallet@1.0.0
7 verbose lifecycle eth_wallet@1.0.0~start: unsafe-perm in lifecycle true
8 verbose lifecycle eth_wallet@1.0.0~start: PATH: /home/ec2-user/.nvm/versions/node/v10.16.3/lib/node_modules/npm/node_modules/npm-lifecycle/node-gyp-bin:/home/ec2-user/eth-wallet/node_modules/.bin:/home/ec2-user/.nvm/versions/node/v10.16.3/bin:/usr/local/bin:/bin:/usr/bin:/usr/local/sbin:/usr/sbin:/sbin:/opt/aws/bin:/home/ec2-user/.local/bin:/home/ec2-user/bin
9 verbose lifecycle eth_wallet@1.0.0~start: CWD: /home/ec2-user/eth-wallet
10 silly lifecycle eth_wallet@1.0.0~start: Args: [ '-c', 'node ./bin/www' ]
11 silly lifecycle eth_wallet@1.0.0~start: Returned: code: 1  signal: null
12 info lifecycle eth_wallet@1.0.0~start: Failed to exec start script
13 verbose stack Error: eth_wallet@1.0.0 start: `node ./bin/www`
13 verbose stack Exit status 1
13 verbose stack     at EventEmitter.<anonymous> (/home/ec2-user/.nvm/versions/node/v10.16.3/lib/node_modules/npm/node_modules/npm-lifecycle/index.js:301:16)
13 verbose stack     at EventEmitter.emit (events.js:198:13)
13 verbose stack     at ChildProcess.<anonymous> (/home/ec2-user/.nvm/versions/node/v10.16.3/lib/node_modules/npm/node_modules/npm-lifecycle/lib/spawn.js:55:14)
13 verbose stack     at ChildProcess.emit (events.js:198:13)
13 verbose stack     at maybeClose (internal/child_process.js:982:16)
13 verbose stack     at Process.ChildProcess._handle.onexit (internal/child_process.js:259:5)
14 verbose pkgid eth_wallet@1.0.0
15 verbose cwd /home/ec2-user/eth-wallet
16 verbose Linux 4.14.123-86.109.amzn1.x86_64
17 verbose argv "/home/ec2-user/.nvm/versions/node/v10.16.3/bin/node" "/home/ec2-user/.nvm/versions/node/v10.16.3/bin/npm" "start"
18 verbose node v10.16.3
19 verbose npm  v6.9.0
20 error code ELIFECYCLE
21 error errno 1
22 error eth_wallet@1.0.0 start: `node ./bin/www`
22 error Exit status 1
23 error Failed at the eth_wallet@1.0.0 start script.
23 error This is probably not a problem with npm. There is likely additional logging output above.
24 verbose exit [ 1, true ]
